e:\checkersassessment\ai_assessment\checkers_ai\checkers_ai\debug\vc120.pdb
e:\checkersassessment\ai_assessment\checkers_ai\checkers_ai\debug\vc120.idb
e:\checkersassessment\ai_assessment\checkers_ai\checkers_ai\debug\app.obj
e:\checkersassessment\ai_assessment\checkers_ai\checkers_ai\debug\board.obj
e:\checkersassessment\ai_assessment\checkers_ai\checkers_ai\debug\camera.obj
e:\checkersassessment\ai_assessment\checkers_ai\checkers_ai\debug\mobilecamera.obj
e:\checkersassessment\ai_assessment\checkers_ai\checkers_ai\debug\gizmos_fix.obj
e:\checkersassessment\ai_assessment\checkers_ai\checkers_ai\debug\main.obj
e:\checkersassessment\ai_assessment\checkers_ai\checkers_ai\debug\game.obj
e:\checkersassessment\ai_assessment\checkers_ai\checkers_ai\debug\inputhandler.obj
e:\checkersassessment\ai_assessment\checkers_ai\checkers_ai\debug\gl_core_4_4.obj
e:\checkersassessment\ai_assessment\checkers_ai\debug\checkers_ai.ilk
e:\checkersassessment\ai_assessment\checkers_ai\debug\checkers_ai.exe
e:\checkersassessment\ai_assessment\checkers_ai\debug\checkers_ai.pdb
e:\checkersassessment\ai_assessment\checkers_ai\checkers_ai\debug\checkers_ai.tlog\cl.read.1.tlog
e:\checkersassessment\ai_assessment\checkers_ai\checkers_ai\debug\checkers_ai.tlog\cl.write.1.tlog
e:\checkersassessment\ai_assessment\checkers_ai\checkers_ai\debug\checkers_ai.tlog\cl.command.1.tlog
e:\checkersassessment\ai_assessment\checkers_ai\checkers_ai\debug\checkers_ai.tlog\link.read.1.tlog
e:\checkersassessment\ai_assessment\checkers_ai\checkers_ai\debug\checkers_ai.tlog\link.write.1.tlog
e:\checkersassessment\ai_assessment\checkers_ai\checkers_ai\debug\checkers_ai.tlog\link.command.1.tlog
